14:47:10 **** Incremental Build of configuration Debug for project Test002-Timer ****
make -j24 all 
arm-none-eabi-gcc -o "Test002-Timer.elf" @"objects.list"   -mcpu=cortex-m4 -T"C:\Users\user\source\repos\STM32\Test002-Timer\STM32F411RETX_FLASH.ld" --specs=nosys.specs -Wl,-Map="Test002-Timer.map" -Wl,--gc-sections -static --specs=nano.specs -mfpu=fpv4-sp-d16 -mfloat-abi=hard -mthumb -Wl,--start-group -lc -lm -Wl,--end-group
C:/ST/STM32CubeIDE_1.14.1/STM32CubeIDE/plugins/com.st.stm32cube.ide.mcu.externaltools.gnu-tools-for-stm32.11.3.rel1.win32_1.1.100.202309141235/tools/bin/../lib/gcc/arm-none-eabi/11.3.1/../../../../arm-none-eabi/bin/ld.exe: ./Core/Startup/MyLib.o: in function `__io_getchar':
C:/Users/user/source/repos/STM32/myLib/MyLib.c:14: multiple definition of `__io_getchar'; ./Core/Src/MyLib.o:C:/Users/user/source/repos/STM32/myLib/MyLib.c:14: first defined here
C:/ST/STM32CubeIDE_1.14.1/STM32CubeIDE/plugins/com.st.stm32cube.ide.mcu.externaltools.gnu-tools-for-stm32.11.3.rel1.win32_1.1.100.202309141235/tools/bin/../lib/gcc/arm-none-eabi/11.3.1/../../../../arm-none-eabi/bin/ld.exe: ./Core/Startup/MyLib.o: in function `__io_putchar':
C:/Users/user/source/repos/STM32/myLib/MyLib.c:23: multiple definition of `__io_putchar'; ./Core/Src/MyLib.o:C:/Users/user/source/repos/STM32/myLib/MyLib.c:23: first defined here
C:/ST/STM32CubeIDE_1.14.1/STM32CubeIDE/plugins/com.st.stm32cube.ide.mcu.externaltools.gnu-tools-for-stm32.11.3.rel1.win32_1.1.100.202309141235/tools/bin/../lib/gcc/arm-none-eabi/11.3.1/../../../../arm-none-eabi/bin/ld.exe: ./Core/Startup/MyLib.o: in function `ProgramStart':
C:/Users/user/source/repos/STM32/myLib/MyLib.c:28: multiple definition of `ProgramStart'; ./Core/Src/MyLib.o:C:/Users/user/source/repos/STM32/myLib/MyLib.c:28: first defined here
C:/ST/STM32CubeIDE_1.14.1/STM32CubeIDE/plugins/com.st.stm32cube.ide.mcu.externaltools.gnu-tools-for-stm32.11.3.rel1.win32_1.1.100.202309141235/tools/bin/../lib/gcc/arm-none-eabi/11.3.1/../../../../arm-none-eabi/bin/ld.exe: ./Core/Startup/MyLib.o: in function `cls':
C:/Users/user/source/repos/STM32/myLib/MyLib.c:44: multiple definition of `cls'; ./Core/Src/MyLib.o:C:/Users/user/source/repos/STM32/myLib/MyLib.c:44: first defined here
C:/ST/STM32CubeIDE_1.14.1/STM32CubeIDE/plugins/com.st.stm32cube.ide.mcu.externaltools.gnu-tools-for-stm32.11.3.rel1.win32_1.1.100.202309141235/tools/bin/../lib/gcc/arm-none-eabi/11.3.1/../../../../arm-none-eabi/bin/ld.exe: ./Core/Startup/MyLib.o: in function `Cursor':
C:/Users/user/source/repos/STM32/myLib/MyLib.c:49: multiple definition of `Cursor'; ./Core/Src/MyLib.o:C:/Users/user/source/repos/STM32/myLib/MyLib.c:49: first defined here
C:/ST/STM32CubeIDE_1.14.1/STM32CubeIDE/plugins/com.st.stm32cube.ide.mcu.externaltools.gnu-tools-for-stm32.11.3.rel1.win32_1.1.100.202309141235/tools/bin/../lib/gcc/arm-none-eabi/11.3.1/../../../../arm-none-eabi/bin/ld.exe: ./Core/Startup/MyLib.o: in function `StandBy':
C:/Users/user/source/repos/STM32/myLib/MyLib.c:39: multiple definition of `StandBy'; ./Core/Src/MyLib.o:C:/Users/user/source/repos/STM32/myLib/MyLib.c:39: first defined here
collect2.exe: error: ld returned 1 exit status
make: *** [makefile:64: Test002-Timer.elf] Error 1
"make -j24 all" terminated with exit code 2. Build might be incomplete.

14:47:11 Build Failed. 7 errors, 0 warnings. (took 451ms)

